[19:12:35] [main/INFO]: Setting user: Player296
[19:12:36] [Client thread/INFO]: LWJGL Version: 2.9.0
[19:12:36] [Client thread/ERROR]: Couldn't set icon
javax.imageio.IIOException: Can't read input file!
	at javax.imageio.ImageIO.read(Unknown Source) ~[?:1.8.0_05]
	at net.minecraft.client.Minecraft.readImage(Minecraft.java:641) ~[Minecraft.class:?]
	at net.minecraft.client.Minecraft.startGame(Minecraft.java:470) [Minecraft.class:?]
	at net.minecraft.client.Minecraft.run(Minecraft.java:892) [Minecraft.class:?]
	at net.minecraft.client.main.Main.main(Main.java:112) [Main.class:?]
	at sun.reflect.NativeMethodAccessorImpl.invoke0(Native Method) ~[?:1.8.0_05]
	at sun.reflect.NativeMethodAccessorImpl.invoke(Unknown Source) ~[?:1.8.0_05]
	at sun.reflect.DelegatingMethodAccessorImpl.invoke(Unknown Source) ~[?:1.8.0_05]
	at java.lang.reflect.Method.invoke(Unknown Source) ~[?:1.8.0_05]
	at net.minecraft.launchwrapper.Launch.launch(Launch.java:134) [launchwrapper-1.9.jar:?]
	at net.minecraft.launchwrapper.Launch.main(Launch.java:28) [launchwrapper-1.9.jar:?]
[19:12:38] [Client thread/INFO]: Reloading ResourceManager: Default, FMLFileResourcePack:Forge Mod Loader, FMLFileResourcePack:Minecraft Forge, FMLFileResourcePack:Test Mod
[19:12:39] [Client thread/INFO]: Created: 512x256 textures/blocks-atlas
[19:12:39] [Client thread/INFO]: Created: 256x256 textures/items-atlas
[19:12:39] [Client thread/INFO]: Reloading ResourceManager: Default, FMLFileResourcePack:Forge Mod Loader, FMLFileResourcePack:Minecraft Forge, FMLFileResourcePack:Test Mod
[19:12:39] [Sound Library Loader/INFO]: Sound engine started
[19:12:39] [Client thread/INFO]: Created: 512x256 textures/blocks-atlas
[19:12:39] [Client thread/INFO]: Created: 256x256 textures/items-atlas
[19:12:40] [Sound Library Loader/INFO]: Sound engine started
[19:12:40] [MCO Availability Checker #1/ERROR]: Couldn't connect to Realms
[19:12:40] [Client thread/WARN]: Unable to play unknown soundEvent: minecraft:gui.button.press
[19:12:43] [Client thread/WARN]: Unable to play unknown soundEvent: minecraft:gui.button.press
[19:12:44] [Client thread/WARN]: Unable to play unknown soundEvent: minecraft:gui.button.press
[19:12:44] [Client thread/INFO]: Stopping!
